<?xml version="1.0" encoding="UTF-8"?>
<!-- Generated by org.testng.reporters.JUnitReportReporter -->
<testsuite hostname="zhang-PC" name="com.netease.unit1.TestngTest" tests="1" failures="0" timestamp="26 Feb 2014 12:44:22 GMT" time="0.008" errors="0">
  <testcase name="test" time="0.008" classname="com.netease.unit1.TestngTest"/>
</testsuite> <!-- com.netease.unit1.TestngTest -->
